[debug] [2021-08-06T14:35:59.603Z] ----------------------------------------------------------------------
[debug] [2021-08-06T14:35:59.605Z] Command:       C:\Program Files\nodejs\node.exe C:\Users\kanee\WebstormProjects\endorsement-letters\node_modules\firebase-tools\lib\bin\firebase.js emulators:start --import ./functions/emulator-data
[debug] [2021-08-06T14:35:59.605Z] CLI Version:   9.16.0
[debug] [2021-08-06T14:35:59.605Z] Platform:      win32
[debug] [2021-08-06T14:35:59.605Z] Node Version:  v14.17.4
[debug] [2021-08-06T14:35:59.606Z] Time:          Fri Aug 06 2021 20:05:59 GMT+0530 (India Standard Time)
[debug] [2021-08-06T14:35:59.606Z] ----------------------------------------------------------------------
[debug] 
[debug] [2021-08-06T14:35:59.650Z] > command requires scopes: ["email","openid","https://www.googleapis.com/auth/cloudplatformprojects.readonly","https://www.googleapis.com/auth/firebase","https://www.googleapis.com/auth/cloud-platform"]
[debug] [2021-08-06T14:35:59.651Z] > authorizing via signed-in user (srilanka@aiesec.net)
[info] i  emulators: Starting emulators: functions, firestore, hosting {"metadata":{"emulator":{"name":"hub"},"message":"Starting emulators: functions, firestore, hosting"}}
[debug] [2021-08-06T14:35:59.668Z] [hub] writing locator at C:\Users\kanee\AppData\Local\Temp\hub-experience-letter.json
[info] i  firestore: Detected non-emulator Firestore export at C:\Users\kanee\WebstormProjects\endorsement-letters\functions\emulator-data {"metadata":{"emulator":{"name":"firestore"},"message":"Detected non-emulator Firestore export at C:\\Users\\kanee\\WebstormProjects\\endorsement-letters\\functions\\emulator-data"}}
[warn] !  functions: The following emulators are not running, calls to these services from the Functions emulator will affect production: auth, database, pubsub, storage {"metadata":{"emulator":{"name":"functions"},"message":"The following emulators are not running, calls to these services from the Functions emulator will affect production: \u001b[1mauth, database, pubsub, storage\u001b[22m"}}
[info] +  functions: Using node@14 from host. {"metadata":{"emulator":{"name":"functions"},"message":"Using node@14 from host."}}
[debug] [2021-08-06T14:35:59.689Z] defaultcredentials: writing to file C:\Users\kanee\AppData\Roaming\firebase\srilanka_aiesec_net_application_default_credentials.json
[debug] [2021-08-06T14:35:59.691Z] Setting GAC to C:\Users\kanee\AppData\Roaming\firebase\srilanka_aiesec_net_application_default_credentials.json {"metadata":{"emulator":{"name":"functions"},"message":"Setting GAC to C:\\Users\\kanee\\AppData\\Roaming\\firebase\\srilanka_aiesec_net_application_default_credentials.json"}}
[debug] [2021-08-06T14:35:59.693Z] >>> [apiv2][query] GET https://firebase.googleapis.com/v1beta1/projects/experience-letter/adminSdkConfig [none]
[debug] [2021-08-06T14:36:00.356Z] <<< [apiv2][status] GET https://firebase.googleapis.com/v1beta1/projects/experience-letter/adminSdkConfig 200
[debug] [2021-08-06T14:36:00.356Z] <<< [apiv2][body] GET https://firebase.googleapis.com/v1beta1/projects/experience-letter/adminSdkConfig {"projectId":"experience-letter","storageBucket":"experience-letter.appspot.com","locationId":"us-central"}
[info] i  firestore: Importing data from C:\Users\kanee\WebstormProjects\endorsement-letters\functions\emulator-data\emulator-data.overall_export_metadata {"metadata":{"emulator":{"name":"firestore"},"message":"Importing data from C:\\Users\\kanee\\WebstormProjects\\endorsement-letters\\functions\\emulator-data\\emulator-data.overall_export_metadata"}}
[debug] [2021-08-06T14:36:00.627Z] Ignoring unsupported arg: projectId {"metadata":{"emulator":{"name":"firestore"},"message":"Ignoring unsupported arg: projectId"}}
[debug] [2021-08-06T14:36:00.628Z] Ignoring unsupported arg: auto_download {"metadata":{"emulator":{"name":"firestore"},"message":"Ignoring unsupported arg: auto_download"}}
[debug] [2021-08-06T14:36:00.628Z] Starting Firestore Emulator with command {"binary":"java","args":["-Dgoogle.cloud_firestore.debug_log_level=FINE","-Duser.language=en","-jar","C:\\Users\\kanee\\.cache\\firebase\\emulators\\cloud-firestore-emulator-v1.13.1.jar","--host","localhost","--port",8080,"--seed_from_export","C:\\Users\\kanee\\WebstormProjects\\endorsement-letters\\functions\\emulator-data\\emulator-data.overall_export_metadata","--rules","C:\\Users\\kanee\\WebstormProjects\\endorsement-letters\\firestore.rules","--functions_emulator","localhost:5001"],"optionalArgs":["port","webchannel_port","host","rules","functions_emulator","seed_from_export"],"joinArgs":false} {"metadata":{"emulator":{"name":"firestore"},"message":"Starting Firestore Emulator with command {\"binary\":\"java\",\"args\":[\"-Dgoogle.cloud_firestore.debug_log_level=FINE\",\"-Duser.language=en\",\"-jar\",\"C:\\\\Users\\\\kanee\\\\.cache\\\\firebase\\\\emulators\\\\cloud-firestore-emulator-v1.13.1.jar\",\"--host\",\"localhost\",\"--port\",8080,\"--seed_from_export\",\"C:\\\\Users\\\\kanee\\\\WebstormProjects\\\\endorsement-letters\\\\functions\\\\emulator-data\\\\emulator-data.overall_export_metadata\",\"--rules\",\"C:\\\\Users\\\\kanee\\\\WebstormProjects\\\\endorsement-letters\\\\firestore.rules\",\"--functions_emulator\",\"localhost:5001\"],\"optionalArgs\":[\"port\",\"webchannel_port\",\"host\",\"rules\",\"functions_emulator\",\"seed_from_export\"],\"joinArgs\":false}"}}
[info] i  firestore: Firestore Emulator logging to firestore-debug.log {"metadata":{"emulator":{"name":"firestore"},"message":"Firestore Emulator logging to \u001b[1mfirestore-debug.log\u001b[22m"}}
[debug] [2021-08-06T14:36:01.337Z] Aug 06, 2021 8:06:01 PM com.google.cloud.datastore.emulator.firestore.websocket.WebSocketServer start
INFO: Started WebSocket server on ws://localhost:55863
 {"metadata":{"emulator":{"name":"firestore"},"message":"Aug 06, 2021 8:06:01 PM com.google.cloud.datastore.emulator.firestore.websocket.WebSocketServer start\r\nINFO: Started WebSocket server on ws://localhost:55863\r\n"}}
[debug] [2021-08-06T14:36:01.360Z] API endpoint: http://localhost:8080
 {"metadata":{"emulator":{"name":"firestore"},"message":"API endpoint: http://localhost:8080\n"}}
[debug] [2021-08-06T14:36:01.361Z] If you are using a library that supports the FIRESTORE_EMULATOR_HOST environment variable, run:

   export FIRESTORE_EMULATOR_HOST=localhost:8080

Dev App Server is now running.

 {"metadata":{"emulator":{"name":"firestore"},"message":"If you are using a library that supports the FIRESTORE_EMULATOR_HOST environment variable, run:\r\n\n   export FIRESTORE_EMULATOR_HOST=localhost:8080\n\nDev App Server is now running.\n\r\n"}}
[debug] [2021-08-06T14:36:01.431Z] >>> [apiv2][query] GET https://firebasehosting.googleapis.com/v1beta1/projects/experience-letter/sites 
[debug] [2021-08-06T14:36:02.861Z] <<< [apiv2][status] GET https://firebasehosting.googleapis.com/v1beta1/projects/experience-letter/sites 200
[debug] [2021-08-06T14:36:02.861Z] <<< [apiv2][body] GET https://firebasehosting.googleapis.com/v1beta1/projects/experience-letter/sites {"sites":[{"name":"projects/361252944075/sites/experience-letter","defaultUrl":"https://experience-letter.web.app","appId":"1:361252944075:web:3bececc0b994a4c9ee834e","type":"DEFAULT_SITE"}]}
[debug] [2021-08-06T14:36:02.862Z] >>> [apiv2][query] GET https://firebase.googleapis.com/v1beta1/projects/experience-letter/webApps/1:361252944075:web:3bececc0b994a4c9ee834e/config [none]
[debug] [2021-08-06T14:36:04.174Z] <<< [apiv2][status] GET https://firebase.googleapis.com/v1beta1/projects/experience-letter/webApps/1:361252944075:web:3bececc0b994a4c9ee834e/config 200
[debug] [2021-08-06T14:36:04.174Z] <<< [apiv2][body] GET https://firebase.googleapis.com/v1beta1/projects/experience-letter/webApps/1:361252944075:web:3bececc0b994a4c9ee834e/config {"projectId":"experience-letter","appId":"1:361252944075:web:3bececc0b994a4c9ee834e","storageBucket":"experience-letter.appspot.com","locationId":"us-central","apiKey":"AIzaSyCjleWRpP2hjoqnbM-jamZezrkws9hQMiU","authDomain":"experience-letter.firebaseapp.com","messagingSenderId":"361252944075","measurementId":"G-DT0TJSGMG4"}
[info] i  hosting: Serving hosting files from: dist/endorsement-letters {"metadata":{"emulator":{"name":"hosting"},"message":"Serving hosting files from: \u001b[1mdist/endorsement-letters\u001b[22m"}}
[info] +  hosting: Local server: http://localhost:5000 {"metadata":{"emulator":{"name":"hosting"},"message":"Local server: \u001b[4m\u001b[1mhttp://localhost:5000\u001b[22m\u001b[24m"}}
[debug] [2021-08-06T14:36:04.202Z] Ignoring unsupported arg: auto_download {"metadata":{"emulator":{"name":"ui"},"message":"Ignoring unsupported arg: auto_download"}}
[debug] [2021-08-06T14:36:04.202Z] Ignoring unsupported arg: port {"metadata":{"emulator":{"name":"ui"},"message":"Ignoring unsupported arg: port"}}
[debug] [2021-08-06T14:36:04.202Z] Starting Emulator UI with command {"binary":"node","args":["C:\\Users\\kanee\\.cache\\firebase\\emulators\\ui-v1.6.0\\server.bundle.js"],"optionalArgs":[],"joinArgs":false} {"metadata":{"emulator":{"name":"ui"},"message":"Starting Emulator UI with command {\"binary\":\"node\",\"args\":[\"C:\\\\Users\\\\kanee\\\\.cache\\\\firebase\\\\emulators\\\\ui-v1.6.0\\\\server.bundle.js\"],\"optionalArgs\":[],\"joinArgs\":false}"}}
[info] i  ui: Emulator UI logging to ui-debug.log {"metadata":{"emulator":{"name":"ui"},"message":"Emulator UI logging to \u001b[1mui-debug.log\u001b[22m"}}
[debug] [2021-08-06T14:36:04.278Z] Web / API server started at localhost:4000
 {"metadata":{"emulator":{"name":"ui"},"message":"Web / API server started at localhost:4000\n"}}
[info] i  functions: Watching "C:\Users\kanee\WebstormProjects\endorsement-letters\functions" for Cloud Functions... {"metadata":{"emulator":{"name":"functions"},"message":"Watching \"C:\\Users\\kanee\\WebstormProjects\\endorsement-letters\\functions\" for Cloud Functions..."}}
[debug] [2021-08-06T14:36:04.480Z] [worker-pool] addWorker(~diagnostic~) {"metadata":{"emulator":{"name":"functions"},"message":"[worker-pool] addWorker(~diagnostic~)"}}
[debug] [2021-08-06T14:36:04.480Z] [worker-pool] Adding worker with key ~diagnostic~, total=1 {"metadata":{"emulator":{"name":"functions"},"message":"[worker-pool] Adding worker with key ~diagnostic~, total=1"}}
[debug] [2021-08-06T14:36:04.480Z] [worker-pool] submitWork(triggerId=) {"metadata":{"emulator":{"name":"functions"},"message":"[worker-pool] submitWork(triggerId=)"}}
[debug] [2021-08-06T14:36:04.480Z] [worker-~diagnostic~-dafbaf88-d1b6-4285-a419-eb2cf495d646]: Assigning socketPath: \\?\pipe\C:\Users\kanee\WebstormProjects\endorsement-letters\functions\8396 {"metadata":{"emulator":{"name":"functions"},"message":"[worker-~diagnostic~-dafbaf88-d1b6-4285-a419-eb2cf495d646]: Assigning socketPath: \\\\?\\pipe\\C:\\Users\\kanee\\WebstormProjects\\endorsement-letters\\functions\\8396"}}
[debug] [2021-08-06T14:36:04.481Z] [worker-~diagnostic~-dafbaf88-d1b6-4285-a419-eb2cf495d646]: BUSY {"metadata":{"emulator":{"name":"functions"},"message":"[worker-~diagnostic~-dafbaf88-d1b6-4285-a419-eb2cf495d646]: BUSY"}}
[debug] [2021-08-06T14:36:04.607Z] [runtime-status] [8396] Functions runtime initialized. {"cwd":"C:\\Users\\kanee\\WebstormProjects\\endorsement-letters\\functions","node_version":"14.17.4"} {"metadata":{"emulator":{"name":"functions"},"message":"[runtime-status] [8396] Functions runtime initialized. {\"cwd\":\"C:\\\\Users\\\\kanee\\\\WebstormProjects\\\\endorsement-letters\\\\functions\",\"node_version\":\"14.17.4\"}"}}
[debug] [2021-08-06T14:36:04.607Z] [runtime-status] [8396] Disabled runtime features: undefined {"metadata":{"emulator":{"name":"functions"},"message":"[runtime-status] [8396] Disabled runtime features: undefined"}}
[debug] [2021-08-06T14:36:04.609Z] [runtime-status] [8396] Resolved module firebase-admin {"declared":true,"installed":true,"version":"9.11.0","resolution":"C:\\Users\\kanee\\WebstormProjects\\endorsement-letters\\functions\\node_modules\\firebase-admin\\lib\\index.js"} {"metadata":{"emulator":{"name":"functions"},"message":"[runtime-status] [8396] Resolved module firebase-admin {\"declared\":true,\"installed\":true,\"version\":\"9.11.0\",\"resolution\":\"C:\\\\Users\\\\kanee\\\\WebstormProjects\\\\endorsement-letters\\\\functions\\\\node_modules\\\\firebase-admin\\\\lib\\\\index.js\"}"}}
[debug] [2021-08-06T14:36:04.610Z] [runtime-status] [8396] Resolved module firebase-functions {"declared":true,"installed":true,"version":"3.14.1","resolution":"C:\\Users\\kanee\\WebstormProjects\\endorsement-letters\\functions\\node_modules\\firebase-functions\\lib\\index.js"} {"metadata":{"emulator":{"name":"functions"},"message":"[runtime-status] [8396] Resolved module firebase-functions {\"declared\":true,\"installed\":true,\"version\":\"3.14.1\",\"resolution\":\"C:\\\\Users\\\\kanee\\\\WebstormProjects\\\\endorsement-letters\\\\functions\\\\node_modules\\\\firebase-functions\\\\lib\\\\index.js\"}"}}
[debug] [2021-08-06T14:36:04.611Z] [runtime-status] [8396] Resolved module firebase-functions {"declared":true,"installed":true,"version":"3.14.1","resolution":"C:\\Users\\kanee\\WebstormProjects\\endorsement-letters\\functions\\node_modules\\firebase-functions\\lib\\index.js"} {"metadata":{"emulator":{"name":"functions"},"message":"[runtime-status] [8396] Resolved module firebase-functions {\"declared\":true,\"installed\":true,\"version\":\"3.14.1\",\"resolution\":\"C:\\\\Users\\\\kanee\\\\WebstormProjects\\\\endorsement-letters\\\\functions\\\\node_modules\\\\firebase-functions\\\\lib\\\\index.js\"}"}}
[debug] [2021-08-06T14:36:04.612Z] [runtime-status] [8396] Outgoing network have been stubbed. [{"name":"http","status":"mocked"},{"name":"http","status":"mocked"},{"name":"https","status":"mocked"},{"name":"https","status":"mocked"},{"name":"net","status":"mocked"}] {"metadata":{"emulator":{"name":"functions"},"message":"[runtime-status] [8396] Outgoing network have been stubbed. [{\"name\":\"http\",\"status\":\"mocked\"},{\"name\":\"http\",\"status\":\"mocked\"},{\"name\":\"https\",\"status\":\"mocked\"},{\"name\":\"https\",\"status\":\"mocked\"},{\"name\":\"net\",\"status\":\"mocked\"}]"}}
[debug] [2021-08-06T14:36:04.613Z] [runtime-status] [8396] Resolved module firebase-functions {"declared":true,"installed":true,"version":"3.14.1","resolution":"C:\\Users\\kanee\\WebstormProjects\\endorsement-letters\\functions\\node_modules\\firebase-functions\\lib\\index.js"} {"metadata":{"emulator":{"name":"functions"},"message":"[runtime-status] [8396] Resolved module firebase-functions {\"declared\":true,\"installed\":true,\"version\":\"3.14.1\",\"resolution\":\"C:\\\\Users\\\\kanee\\\\WebstormProjects\\\\endorsement-letters\\\\functions\\\\node_modules\\\\firebase-functions\\\\lib\\\\index.js\"}"}}
[debug] [2021-08-06T14:36:04.641Z] [runtime-status] [8396] Checked functions.config() {"config":{}} {"metadata":{"emulator":{"name":"functions"},"message":"[runtime-status] [8396] Checked functions.config() {\"config\":{}}"}}
[debug] [2021-08-06T14:36:04.642Z] [runtime-status] [8396] firebase-functions has been stubbed. {"functionsResolution":{"declared":true,"installed":true,"version":"3.14.1","resolution":"C:\\Users\\kanee\\WebstormProjects\\endorsement-letters\\functions\\node_modules\\firebase-functions\\lib\\index.js"}} {"metadata":{"emulator":{"name":"functions"},"message":"[runtime-status] [8396] firebase-functions has been stubbed. {\"functionsResolution\":{\"declared\":true,\"installed\":true,\"version\":\"3.14.1\",\"resolution\":\"C:\\\\Users\\\\kanee\\\\WebstormProjects\\\\endorsement-letters\\\\functions\\\\node_modules\\\\firebase-functions\\\\lib\\\\index.js\"}}"}}
[debug] [2021-08-06T14:36:04.642Z] [runtime-status] [8396] Resolved module firebase-functions {"declared":true,"installed":true,"version":"3.14.1","resolution":"C:\\Users\\kanee\\WebstormProjects\\endorsement-letters\\functions\\node_modules\\firebase-functions\\lib\\index.js"} {"metadata":{"emulator":{"name":"functions"},"message":"[runtime-status] [8396] Resolved module firebase-functions {\"declared\":true,\"installed\":true,\"version\":\"3.14.1\",\"resolution\":\"C:\\\\Users\\\\kanee\\\\WebstormProjects\\\\endorsement-letters\\\\functions\\\\node_modules\\\\firebase-functions\\\\lib\\\\index.js\"}"}}
[debug] [2021-08-06T14:36:04.642Z] [runtime-status] [8396] Resolved module firebase-admin {"declared":true,"installed":true,"version":"9.11.0","resolution":"C:\\Users\\kanee\\WebstormProjects\\endorsement-letters\\functions\\node_modules\\firebase-admin\\lib\\index.js"} {"metadata":{"emulator":{"name":"functions"},"message":"[runtime-status] [8396] Resolved module firebase-admin {\"declared\":true,\"installed\":true,\"version\":\"9.11.0\",\"resolution\":\"C:\\\\Users\\\\kanee\\\\WebstormProjects\\\\endorsement-letters\\\\functions\\\\node_modules\\\\firebase-admin\\\\lib\\\\index.js\"}"}}
[debug] [2021-08-06T14:36:04.643Z] [runtime-status] [8396] Resolved module firebase-functions {"declared":true,"installed":true,"version":"3.14.1","resolution":"C:\\Users\\kanee\\WebstormProjects\\endorsement-letters\\functions\\node_modules\\firebase-functions\\lib\\index.js"} {"metadata":{"emulator":{"name":"functions"},"message":"[runtime-status] [8396] Resolved module firebase-functions {\"declared\":true,\"installed\":true,\"version\":\"3.14.1\",\"resolution\":\"C:\\\\Users\\\\kanee\\\\WebstormProjects\\\\endorsement-letters\\\\functions\\\\node_modules\\\\firebase-functions\\\\lib\\\\index.js\"}"}}
[debug] [2021-08-06T14:36:04.643Z] [runtime-status] [8396] firebase-admin has been stubbed. {"adminResolution":{"declared":true,"installed":true,"version":"9.11.0","resolution":"C:\\Users\\kanee\\WebstormProjects\\endorsement-letters\\functions\\node_modules\\firebase-admin\\lib\\index.js"}} {"metadata":{"emulator":{"name":"functions"},"message":"[runtime-status] [8396] firebase-admin has been stubbed. {\"adminResolution\":{\"declared\":true,\"installed\":true,\"version\":\"9.11.0\",\"resolution\":\"C:\\\\Users\\\\kanee\\\\WebstormProjects\\\\endorsement-letters\\\\functions\\\\node_modules\\\\firebase-admin\\\\lib\\\\index.js\"}}"}}
[debug] [2021-08-06T14:36:04.706Z] [runtime-status] [8396] initializeApp(DEFAULT) {"storageBucket":"experience-letter.appspot.com","projectId":"experience-letter"} {"metadata":{"emulator":{"name":"functions"},"message":"[runtime-status] [8396] initializeApp(DEFAULT) {\"storageBucket\":\"experience-letter.appspot.com\",\"projectId\":\"experience-letter\"}"}}
[debug] [2021-08-06T14:36:04.725Z] addFirestoreTrigger "{\"eventTrigger\":{\"resource\":\"projects/experience-letter/databases/(default)/documents/requests/{documentId}\",\"eventType\":\"providers/cloud.firestore/eventTypes/document.create\",\"service\":\"firestore.googleapis.com\"}}"
[debug] [2021-08-06T14:36:04.725Z] >>> HTTP REQUEST PUT http://localhost:8080/emulator/v1/projects/experience-letter/triggers/us-central1-onNewRequest-0  
 {"eventTrigger":{"resource":"projects/experience-letter/databases/(default)/documents/requests/{documentId}","eventType":"providers/cloud.firestore/eventTypes/document.create","service":"firestore.googleapis.com"}}
[debug] [2021-08-06T14:36:04.726Z] [worker-~diagnostic~-dafbaf88-d1b6-4285-a419-eb2cf495d646]: IDLE {"metadata":{"emulator":{"name":"functions"},"message":"[worker-~diagnostic~-dafbaf88-d1b6-4285-a419-eb2cf495d646]: IDLE"}}
[debug] [2021-08-06T14:36:04.733Z] Aug 06, 2021 8:06:04 PM io.gapi.emulators.netty.HttpVersionRoutingHandler channelRead
INFO: Detected non-HTTP/2 connection.
 {"metadata":{"emulator":{"name":"firestore"},"message":"Aug 06, 2021 8:06:04 PM io.gapi.emulators.netty.HttpVersionRoutingHandler channelRead\r\nINFO: Detected non-HTTP/2 connection.\r\n"}}
[debug] [2021-08-06T14:36:04.838Z] Aug 06, 2021 8:06:04 PM io.gapi.emulators.netty.HttpVersionRoutingHandler channelRead
INFO: Detected HTTP/2 connection.
 {"metadata":{"emulator":{"name":"firestore"},"message":"Aug 06, 2021 8:06:04 PM io.gapi.emulators.netty.HttpVersionRoutingHandler channelRead\r\nINFO: Detected HTTP/2 connection.\r\n"}}
[debug] [2021-08-06T14:36:05.276Z] <<< HTTP RESPONSE 200 {"content-type":"application/json","content-length":"4"}
[info] +  functions[us-central1-onNewRequest]: firestore function initialized. {"metadata":{"emulator":{"name":"functions"},"message":"\u001b[1mfirestore\u001b[22m function initialized."}}
[info] 
┌─────────────────────────────────────────────────────────────┐
│ ✔  All emulators ready! It is now safe to connect your app. │
│ i  View Emulator UI at http://localhost:4000                │
└─────────────────────────────────────────────────────────────┘

┌───────────┬────────────────┬─────────────────────────────────┐
│ Emulator  │ Host:Port      │ View in Emulator UI             │
├───────────┼────────────────┼─────────────────────────────────┤
│ Functions │ localhost:5001 │ http://localhost:4000/functions │
├───────────┼────────────────┼─────────────────────────────────┤
│ Firestore │ localhost:8080 │ http://localhost:4000/firestore │
├───────────┼────────────────┼─────────────────────────────────┤
│ Hosting   │ localhost:5000 │ n/a                             │
└───────────┴────────────────┴─────────────────────────────────┘
  Emulator Hub running at localhost:4400
  Other reserved ports: 4500

Issues? Report them at https://github.com/firebase/firebase-tools/issues and attach the *-debug.log files.
 
[debug] [2021-08-06T14:36:34.315Z] Aug 06, 2021 8:06:34 PM io.gapi.emulators.netty.HttpVersionRoutingHandler channelRead
INFO: Detected non-HTTP/2 connection.
 {"metadata":{"emulator":{"name":"firestore"},"message":"Aug 06, 2021 8:06:34 PM io.gapi.emulators.netty.HttpVersionRoutingHandler channelRead\r\nINFO: Detected non-HTTP/2 connection.\r\n"}}
[debug] [2021-08-06T14:36:34.683Z] Aug 06, 2021 8:06:34 PM com.google.cloud.datastore.emulator.firestore.websocket.WebSocketChannelHandler initChannel
INFO: Connected to new websocket client
 {"metadata":{"emulator":{"name":"firestore"},"message":"Aug 06, 2021 8:06:34 PM com.google.cloud.datastore.emulator.firestore.websocket.WebSocketChannelHandler initChannel\r\nINFO: Connected to new websocket client\r\n"}}
[debug] [2021-08-06T14:36:34.706Z] Aug 06, 2021 8:06:34 PM io.gapi.emulators.netty.HttpVersionRoutingHandler channelRead
INFO: Detected non-HTTP/2 connection.
 {"metadata":{"emulator":{"name":"firestore"},"message":"Aug 06, 2021 8:06:34 PM io.gapi.emulators.netty.HttpVersionRoutingHandler channelRead\r\nINFO: Detected non-HTTP/2 connection.\r\n"}}
[debug] [2021-08-06T14:36:35.094Z] Aug 06, 2021 8:06:35 PM io.gapi.emulators.netty.HttpVersionRoutingHandler channelRead
INFO: Detected non-HTTP/2 connection.
 {"metadata":{"emulator":{"name":"firestore"},"message":"Aug 06, 2021 8:06:35 PM io.gapi.emulators.netty.HttpVersionRoutingHandler channelRead\r\nINFO: Detected non-HTTP/2 connection.\r\n"}}
[debug] [2021-08-06T14:36:35.354Z] Aug 06, 2021 8:06:35 PM io.gapi.emulators.netty.HttpVersionRoutingHandler channelRead
INFO: Detected non-HTTP/2 connection.
 {"metadata":{"emulator":{"name":"firestore"},"message":"Aug 06, 2021 8:06:35 PM io.gapi.emulators.netty.HttpVersionRoutingHandler channelRead\r\nINFO: Detected non-HTTP/2 connection.\r\n"}}
[debug] [2021-08-06T14:36:35.617Z] Aug 06, 2021 8:06:35 PM io.gapi.emulators.netty.HttpVersionRoutingHandler channelRead
INFO: Detected non-HTTP/2 connection.
 {"metadata":{"emulator":{"name":"firestore"},"message":"Aug 06, 2021 8:06:35 PM io.gapi.emulators.netty.HttpVersionRoutingHandler channelRead\r\nINFO: Detected non-HTTP/2 connection.\r\n"}}
[debug] [2021-08-06T14:36:36.009Z] Aug 06, 2021 8:06:36 PM io.gapi.emulators.netty.HttpVersionRoutingHandler channelRead
INFO: Detected non-HTTP/2 connection.
 {"metadata":{"emulator":{"name":"firestore"},"message":"Aug 06, 2021 8:06:36 PM io.gapi.emulators.netty.HttpVersionRoutingHandler channelRead\r\nINFO: Detected non-HTTP/2 connection.\r\n"}}
[debug] [2021-08-06T14:36:36.478Z] Aug 06, 2021 8:06:36 PM io.gapi.emulators.netty.HttpVersionRoutingHandler channelRead
INFO: Detected non-HTTP/2 connection.
 {"metadata":{"emulator":{"name":"firestore"},"message":"Aug 06, 2021 8:06:36 PM io.gapi.emulators.netty.HttpVersionRoutingHandler channelRead\r\nINFO: Detected non-HTTP/2 connection.\r\n"}}
[debug] [2021-08-06T14:36:37.036Z] Aug 06, 2021 8:06:37 PM io.gapi.emulators.netty.HttpVersionRoutingHandler channelRead
INFO: Detected non-HTTP/2 connection.
 {"metadata":{"emulator":{"name":"firestore"},"message":"Aug 06, 2021 8:06:37 PM io.gapi.emulators.netty.HttpVersionRoutingHandler channelRead\r\nINFO: Detected non-HTTP/2 connection.\r\n"}}
[debug] [2021-08-06T14:36:37.488Z] Aug 06, 2021 8:06:37 PM io.gapi.emulators.netty.HttpVersionRoutingHandler channelRead
INFO: Detected non-HTTP/2 connection.
 {"metadata":{"emulator":{"name":"firestore"},"message":"Aug 06, 2021 8:06:37 PM io.gapi.emulators.netty.HttpVersionRoutingHandler channelRead\r\nINFO: Detected non-HTTP/2 connection.\r\n"}}
[debug] [2021-08-06T14:36:38.307Z] Aug 06, 2021 8:06:38 PM io.gapi.emulators.netty.HttpVersionRoutingHandler channelRead
INFO: Detected non-HTTP/2 connection.
 {"metadata":{"emulator":{"name":"firestore"},"message":"Aug 06, 2021 8:06:38 PM io.gapi.emulators.netty.HttpVersionRoutingHandler channelRead\r\nINFO: Detected non-HTTP/2 connection.\r\n"}}
[info] i  hosting: 127.0.0.1 - - [06/Aug/2021:14:36:50 +0000] "GET / HTTP/1.1" 200 7203 "-" "Mozilla/5.0 (Windows NT 10.0; Win64; x64) AppleWebKit/537.36 (KHTML, like Gecko) Chrome/92.0.4515.131 Safari/537.36" {"metadata":{"emulator":{"name":"hosting"},"message":"127.0.0.1 - - [06/Aug/2021:14:36:50 +0000] \"GET / HTTP/1.1\" 200 7203 \"-\" \"Mozilla/5.0 (Windows NT 10.0; Win64; x64) AppleWebKit/537.36 (KHTML, like Gecko) Chrome/92.0.4515.131 Safari/537.36\""}}
[info] i  hosting: 127.0.0.1 - - [06/Aug/2021:14:36:50 +0000] "GET /runtime.71d9934c645d6ce9791c.js HTTP/1.1" 200 3006 "http://localhost:5000/" "Mozilla/5.0 (Windows NT 10.0; Win64; x64) AppleWebKit/537.36 (KHTML, like Gecko) Chrome/92.0.4515.131 Safari/537.36" {"metadata":{"emulator":{"name":"hosting"},"message":"127.0.0.1 - - [06/Aug/2021:14:36:50 +0000] \"GET /runtime.71d9934c645d6ce9791c.js HTTP/1.1\" 200 3006 \"http://localhost:5000/\" \"Mozilla/5.0 (Windows NT 10.0; Win64; x64) AppleWebKit/537.36 (KHTML, like Gecko) Chrome/92.0.4515.131 Safari/537.36\""}}
[info] i  hosting: 127.0.0.1 - - [06/Aug/2021:14:36:50 +0000] "GET /polyfills.189556ba4f8ad558e1bd.js HTTP/1.1" 200 36854 "http://localhost:5000/" "Mozilla/5.0 (Windows NT 10.0; Win64; x64) AppleWebKit/537.36 (KHTML, like Gecko) Chrome/92.0.4515.131 Safari/537.36" {"metadata":{"emulator":{"name":"hosting"},"message":"127.0.0.1 - - [06/Aug/2021:14:36:50 +0000] \"GET /polyfills.189556ba4f8ad558e1bd.js HTTP/1.1\" 200 36854 \"http://localhost:5000/\" \"Mozilla/5.0 (Windows NT 10.0; Win64; x64) AppleWebKit/537.36 (KHTML, like Gecko) Chrome/92.0.4515.131 Safari/537.36\""}}
[info] i  hosting: 127.0.0.1 - - [06/Aug/2021:14:36:50 +0000] "GET /styles.239f916c76fbbdb5b669.css HTTP/1.1" 200 73009 "http://localhost:5000/" "Mozilla/5.0 (Windows NT 10.0; Win64; x64) AppleWebKit/537.36 (KHTML, like Gecko) Chrome/92.0.4515.131 Safari/537.36" {"metadata":{"emulator":{"name":"hosting"},"message":"127.0.0.1 - - [06/Aug/2021:14:36:50 +0000] \"GET /styles.239f916c76fbbdb5b669.css HTTP/1.1\" 200 73009 \"http://localhost:5000/\" \"Mozilla/5.0 (Windows NT 10.0; Win64; x64) AppleWebKit/537.36 (KHTML, like Gecko) Chrome/92.0.4515.131 Safari/537.36\""}}
[info] i  hosting: 127.0.0.1 - - [06/Aug/2021:14:36:50 +0000] "GET /main.22f9142db99c76b47e1c.js HTTP/1.1" 200 1079378 "http://localhost:5000/" "Mozilla/5.0 (Windows NT 10.0; Win64; x64) AppleWebKit/537.36 (KHTML, like Gecko) Chrome/92.0.4515.131 Safari/537.36" {"metadata":{"emulator":{"name":"hosting"},"message":"127.0.0.1 - - [06/Aug/2021:14:36:50 +0000] \"GET /main.22f9142db99c76b47e1c.js HTTP/1.1\" 200 1079378 \"http://localhost:5000/\" \"Mozilla/5.0 (Windows NT 10.0; Win64; x64) AppleWebKit/537.36 (KHTML, like Gecko) Chrome/92.0.4515.131 Safari/537.36\""}}
[info] i  hosting: 127.0.0.1 - - [06/Aug/2021:14:36:50 +0000] "GET /assets/White-Blue-Logo.png HTTP/1.1" 200 8965 "http://localhost:5000/" "Mozilla/5.0 (Windows NT 10.0; Win64; x64) AppleWebKit/537.36 (KHTML, like Gecko) Chrome/92.0.4515.131 Safari/537.36" {"metadata":{"emulator":{"name":"hosting"},"message":"127.0.0.1 - - [06/Aug/2021:14:36:50 +0000] \"GET /assets/White-Blue-Logo.png HTTP/1.1\" 200 8965 \"http://localhost:5000/\" \"Mozilla/5.0 (Windows NT 10.0; Win64; x64) AppleWebKit/537.36 (KHTML, like Gecko) Chrome/92.0.4515.131 Safari/537.36\""}}
[info] i  hosting: 127.0.0.1 - - [06/Aug/2021:14:36:50 +0000] "GET /src/favicon.ico HTTP/1.1" 200 7203 "http://localhost:5000/" "Mozilla/5.0 (Windows NT 10.0; Win64; x64) AppleWebKit/537.36 (KHTML, like Gecko) Chrome/92.0.4515.131 Safari/537.36" {"metadata":{"emulator":{"name":"hosting"},"message":"127.0.0.1 - - [06/Aug/2021:14:36:50 +0000] \"GET /src/favicon.ico HTTP/1.1\" 200 7203 \"http://localhost:5000/\" \"Mozilla/5.0 (Windows NT 10.0; Win64; x64) AppleWebKit/537.36 (KHTML, like Gecko) Chrome/92.0.4515.131 Safari/537.36\""}}
[debug] [2021-08-06T14:37:37.830Z] Aug 06, 2021 8:07:37 PM io.gapi.emulators.netty.HttpVersionRoutingHandler channelRead
INFO: Detected non-HTTP/2 connection.
 {"metadata":{"emulator":{"name":"firestore"},"message":"Aug 06, 2021 8:07:37 PM io.gapi.emulators.netty.HttpVersionRoutingHandler channelRead\r\nINFO: Detected non-HTTP/2 connection.\r\n"}}
